<?xml version="1.0" encoding="utf-8"?><testsuites name="pytest tests"><testsuite name="pytest" errors="0" failures="0" skipped="0" tests="146" time="20.788" timestamp="2025-11-01T01:27:49.027968+08:00" hostname="DESKTOP-0E7KSV7"><testcase classname="tests.integration.test_app_smokes" name="test_app_with_guard_import_smoke" time="0.041" /><testcase classname="tests.integration.test_app_smokes" name="test_app_import_smoke" time="0.008" /><testcase classname="tests.integration.test_crew_integration.TestCrewIntegration" name="test_router_condition_valid_routes" time="0.008" /><testcase classname="tests.integration.test_crew_integration.TestCrewIntegration" name="test_router_condition_invalid_cases" time="0.008" /><testcase classname="tests.integration.test_crew_integration.TestCrewIntegration" name="test_parse_time_node_success" time="0.007" /><testcase classname="tests.integration.test_crew_integration.TestCrewIntegration" name="test_parse_time_node_already_parsed" time="0.007" /><testcase classname="tests.integration.test_crew_integration.TestCrewIntegration" name="test_parse_time_node_failure" time="0.009" /><testcase classname="tests.integration.test_secure_tool_node.TestSecureToolNode" name="test_initialization" time="0.011" /><testcase classname="tests.integration.test_secure_tool_node.TestSecureToolNode" name="test_initialization_missing_tool_name" time="0.010" /><testcase classname="tests.integration.test_secure_tool_node.TestSecureToolNode" name="test_get_route_from_state" time="0.008" /><testcase classname="tests.integration.test_secure_tool_node.TestSecureToolNode" name="test_last_ai_message_extraction" time="0.007" /><testcase classname="tests.integration.test_secure_tool_node.TestSecureToolNode" name="test_last_ai_no_tool_calls" time="0.006" /><testcase classname="tests.integration.test_secure_tool_node.TestSecureToolNode" name="test_successful_tool_execution" time="0.009" /><testcase classname="tests.integration.test_secure_tool_node.TestSecureToolNode" name="test_permission_denied_tool_execution" time="0.008" /><testcase classname="tests.integration.test_secure_tool_node.TestSecureToolNode" name="test_tool_execution_failure" time="0.009" /><testcase classname="tests.integration.test_secure_tool_node.TestSecureToolNode" name="test_unknown_tool" time="0.008" /><testcase classname="tests.integration.test_secure_tool_node.TestSecureToolNode" name="test_multiple_tool_executions" time="0.009" /><testcase classname="tests.integration.test_secure_tool_node.TestSecureToolNode" name="test_mixed_success_and_failure" time="0.011" /><testcase classname="tests.integration.test_secure_tool_node.TestSecureToolNode" name="test_state_overrides" time="0.006" /><testcase classname="tests.integration.test_secure_tool_node.TestSecureToolNode" name="test_empty_tool_calls" time="0.008" /><testcase classname="tests.integration.test_workflows.TestWorkflowScenarios" name="test_router_workflow" time="0.008" /><testcase classname="tests.integration.test_workflows.TestWorkflowScenarios" name="test_time_parsing_integration" time="0.008" /><testcase classname="tests.unit.test_agents_unit.TestCrewAgents" name="test_agent_initialization" time="0.008" /><testcase classname="tests.unit.test_agents_unit.TestCrewAgents" name="test_build_messages" time="0.020" /><testcase classname="tests.unit.test_agents_unit.TestCrewAgents" name="test_agent_call" time="0.009" /><testcase classname="tests.unit.test_audit_system.TestAuditSystem" name="test_guard_deny_and_raise" time="0.009" /><testcase classname="tests.unit.test_audit_system.TestAuditSystem" name="test_audit_guard_allow" time="0.008" /><testcase classname="tests.unit.test_audit_system.TestAuditSystem" name="test_audit_tool_success" time="0.007" /><testcase classname="tests.unit.test_audit_system.TestAuditSystem" name="test_audit_tool_failure" time="0.007" /><testcase classname="tests.unit.test_configuration.TestConfigurationRealTools" name="test_router_agent_config_loading" time="0.012" /><testcase classname="tests.unit.test_configuration.TestConfigurationRealTools" name="test_faq_agent_config_loading" time="0.012" /><testcase classname="tests.unit.test_configuration.TestConfigurationRealTools" name="test_events_agent_config_loading" time="0.013" /><testcase classname="tests.unit.test_configuration.TestConfigurationRealTools" name="test_tracking_agent_config_loading" time="0.013" /><testcase classname="tests.unit.test_events_tools.TestEventsTools" name="test_clamp_limit" time="0.008" /><testcase classname="tests.unit.test_events_tools.TestEventsTools" name="test_who_entered_zone_success" time="0.011" /><testcase classname="tests.unit.test_events_tools.TestEventsTools" name="test_who_entered_zone_no_camera_filter" time="0.011" /><testcase classname="tests.unit.test_events_tools.TestEventsTools" name="test_list_anomaly_event_success" time="0.012" /><testcase classname="tests.unit.test_events_tools.TestEventsTools" name="test_list_anomaly_event_no_filters" time="0.012" /><testcase classname="tests.unit.test_injection_guard.TestInjectionGuard" name="test_injection_guard_loading" time="0.014" /><testcase classname="tests.unit.test_injection_guard.TestInjectionGuard" name="test_clean_message_allowed" time="0.020" /><testcase classname="tests.unit.test_injection_guard.TestInjectionGuard" name="test_block_phrases_detection" time="0.011" /><testcase classname="tests.unit.test_injection_guard.TestInjectionGuard" name="test_mass_scope_detection" time="0.010" /><testcase classname="tests.unit.test_injection_guard.TestInjectionGuard" name="test_batch_targets_check" time="0.011" /><testcase classname="tests.unit.test_injection_guard.TestInjectionGuard" name="test_batch_targets_within_limit" time="0.013" /><testcase classname="tests.unit.test_injection_guard.TestInjectionGuard" name="test_non_tracking_tool_ignores_batch_check" time="0.011" /><testcase classname="tests.unit.test_loader.TestLoader" name="test_load_tools_integration" time="0.022" /><testcase classname="tests.unit.test_loader.TestLoader" name="test_load_langchain_decorated_tools_structure" time="0.020" /><testcase classname="tests.unit.test_loader.TestLoader" name="test_tool_registry_consistency" time="0.020" /><testcase classname="tests.unit.test_loader.TestLoader" name="test_specific_tools_present" time="0.021" /><testcase classname="tests.unit.test_loader.TestToolModules" name="test_events_tools_import" time="0.006" /><testcase classname="tests.unit.test_loader.TestToolModules" name="test_sop_tools_import" time="0.007" /><testcase classname="tests.unit.test_loader.TestToolModules" name="test_tracking_tools_import" time="0.020" /><testcase classname="tests.unit.test_loader" name="test_coverage_collection" time="0.023" /><testcase classname="tests.unit.test_loader.TestToolFunctionality" name="test_tools_have_descriptions" time="0.023" /><testcase classname="tests.unit.test_loader.TestToolFunctionality" name="test_tools_have_schemas" time="0.023" /><testcase classname="tests.unit.test_loader.TestToolFunctionality" name="test_tool_names_match_keys" time="0.024" /><testcase classname="tests.unit.test_rbac_loader_policy_class" name="test_is_allowed_false_when_role_missing" time="0.012" /><testcase classname="tests.unit.test_rbac_loader_policy_class" name="test_route_denied_and_tool_denied" time="0.018" /><testcase classname="tests.unit.test_rbac_loader_policy_class" name="test_get_allowed_tools_and_assert_allowed" time="0.013" /><testcase classname="tests.unit.test_rbac_loader_policy_class" name="test_describe_and_get_roles" time="0.015" /><testcase classname="tests.unit.test_rbac_policy.TestRBACPolicy" name="test_rbac_loader_valid_policy" time="0.013" /><testcase classname="tests.unit.test_rbac_policy.TestRBACPolicy" name="test_rbac_is_allowed_success" time="0.014" /><testcase classname="tests.unit.test_rbac_policy.TestRBACPolicy" name="test_rbac_is_allowed_denied_role" time="0.017" /><testcase classname="tests.unit.test_rbac_policy.TestRBACPolicy" name="test_rbac_is_allowed_denied_route" time="0.014" /><testcase classname="tests.unit.test_rbac_policy.TestRBACPolicy" name="test_rbac_is_allowed_denied_tool" time="0.015" /><testcase classname="tests.unit.test_rbac_policy.TestRBACPolicy" name="test_get_allowed_tools" time="0.015" /><testcase classname="tests.unit.test_rbac_policy.TestRBACPolicy" name="test_get_roles" time="0.013" /><testcase classname="tests.unit.test_rbac_policy.TestRBACPolicy" name="test_describe_role" time="0.013" /><testcase classname="tests.unit.test_rbac_policy.TestRBACPolicy" name="test_assert_allowed_success" time="0.014" /><testcase classname="tests.unit.test_rbac_policy.TestRBACPolicy" name="test_assert_allowed_raises" time="0.016" /><testcase classname="tests.unit.test_router_and_post_tool" name="test_router_condition_sets_route_and_returns_branch" time="0.009" /><testcase classname="tests.unit.test_router_and_post_tool" name="test_post_tool_router_uses_state_route_or_fallback" time="0.008" /><testcase classname="tests.unit.test_router_and_post_tool" name="test_finalize_error_node_wraps_error" time="0.008" /><testcase classname="tests.unit.test_router_and_post_tool" name="test_router_condition_handles_bad_json_fallback" time="0.009" /><testcase classname="tests.unit.test_runtime.TestRuntime" name="test_sentinel_context_creation" time="0.008" /><testcase classname="tests.unit.test_runtime.TestRuntime" name="test_context_scope" time="0.008" /><testcase classname="tests.unit.test_runtime.TestRuntime" name="test_graph_state_scope" time="0.008" /><testcase classname="tests.unit.test_secure_executor.TestSecureExecutor" name="test_call_tool_safely_invoke" time="0.007" /><testcase classname="tests.unit.test_secure_executor.TestSecureExecutor" name="test_call_tool_safely_run" time="0.006" /><testcase classname="tests.unit.test_secure_executor.TestSecureExecutor" name="test_call_tool_safely_callable" time="0.006" /><testcase classname="tests.unit.test_secure_executor.TestSecureExecutor" name="test_secure_execute_tool_success" time="0.008" /><testcase classname="tests.unit.test_secure_executor.TestSecureExecutor" name="test_secure_execute_tool_failure" time="0.009" /><testcase classname="tests.unit.test_secure_executor.TestSecureExecutor" name="test_guard_tool_call_success" time="0.008" /><testcase classname="tests.unit.test_secure_executor.TestSecureExecutor" name="test_guard_tool_call_injection_deny" time="0.008" /><testcase classname="tests.unit.test_secure_executor.TestSecureExecutor" name="test_guard_tool_call_rbac_deny" time="0.009" /><testcase classname="tests.unit.test_secure_tool_node_overrides" name="test_route_from_state_overrides_ctor_route" time="0.007" /><testcase classname="tests.unit.test_secure_tool_node_overrides" name="test_state_overrides_freeze_time_window_and_extra_keys" time="0.009" /><testcase classname="tests.unit.test_secure_tool_node_paths" name="test_returns_empty_when_no_messages" time="0.006" /><testcase classname="tests.unit.test_secure_tool_node_paths" name="test_returns_empty_when_last_is_not_ai" time="0.006" /><testcase classname="tests.unit.test_secure_tool_node_paths" name="test_unknown_tool_emits_denied_tool_message" time="0.006" /><testcase classname="tests.unit.test_secure_tool_node_paths" name="test_executes_allowed_tool_and_emits_tool_message" time="0.006" /><testcase classname="tests.unit.test_secure_tool_node_paths" name="test_permission_error_sets_halt_true" time="0.006" /><testcase classname="tests.unit.test_secure_tool_node_paths" name="test_value_error_sets_halt_true" time="0.010" /><testcase classname="tests.unit.test_secure_tool_node_paths" name="test_generic_exception_sets_halt_true" time="0.009" /><testcase classname="tests.unit.test_secure_tool_node_paths" name="test_multiple_tool_calls_all_return_messages" time="0.009" /><testcase classname="tests.unit.test_security_redactor.TestSecurityRedactor" name="test_redactor_loading" time="0.017" /><testcase classname="tests.unit.test_security_redactor.TestSecurityRedactor" name="test_sensitive_keys_redaction" time="0.012" /><testcase classname="tests.unit.test_security_redactor.TestSecurityRedactor" name="test_nested_structure_redaction" time="0.013" /><testcase classname="tests.unit.test_security_redactor.TestSecurityRedactor" name="test_max_depth_respected" time="0.013" /><testcase classname="tests.unit.test_security_redactor.TestSecurityRedactor" name="test_string_truncation" time="0.013" /><testcase classname="tests.unit.test_sop_tools.TestSOPTools" name="test_search_sop_success" time="0.012" /><testcase classname="tests.unit.test_sop_tools.TestSOPTools" name="test_search_sop_default_k" time="0.013" /><testcase classname="tests.unit.test_sop_tools.TestSOPTools" name="test_search_sop_custom_k" time="0.010" /><testcase classname="tests.unit.test_sop_tools.TestSOPTools" name="test_get_sop_by_id_success" time="0.009" /><testcase classname="tests.unit.test_sop_tools.TestSOPTools" name="test_get_sop_by_section_success" time="0.008" /><testcase classname="tests.unit.test_sop_tools.TestSOPTools" name="test_get_sop_not_found" time="0.009" /><testcase classname="tests.unit.test_sop_tools.TestSOPTools" name="test_search_sop_database_error" time="0.011" /><testcase classname="tests.unit.test_sop_tools.TestSOPTools" name="test_get_sop_database_error" time="0.010" /><testcase classname="tests.unit.test_timewin.TestTimeWindow" name="test_last_n_minutes" time="0.011" /><testcase classname="tests.unit.test_timewin.TestTimeWindow" name="test_last_n_hours" time="0.011" /><testcase classname="tests.unit.test_timewin.TestTimeWindow" name="test_today" time="0.009" /><testcase classname="tests.unit.test_timewin.TestTimeWindow" name="test_yesterday" time="0.009" /><testcase classname="tests.unit.test_timewin.TestTimeWindow" name="test_tomorrow" time="0.009" /><testcase classname="tests.unit.test_timewin.TestTimeWindow" name="test_dayparts" time="0.008" /><testcase classname="tests.unit.test_timewin.TestTimeWindow" name="test_time_range_with_ampm_suffix" time="0.011" /><testcase classname="tests.unit.test_timewin.TestTimeWindow" name="test_time_range_with_explicit_ampm" time="0.011" /><testcase classname="tests.unit.test_timewin.TestTimeWindow" name="test_time_range_with_minutes" time="0.010" /><testcase classname="tests.unit.test_timewin.TestTimeWindow" name="test_single_time" time="0.009" /><testcase classname="tests.unit.test_timewin.TestTimeWindow" name="test_date_formats" time="0.008" /><testcase classname="tests.unit.test_timewin.TestTimeWindow" name="test_combined_date_and_time" time="0.008" /><testcase classname="tests.unit.test_timewin.TestTimeWindow" name="test_cross_midnight_range" time="0.008" /><testcase classname="tests.unit.test_timewin.TestTimeWindow" name="test_now_keyword" time="0.007" /><testcase classname="tests.unit.test_timewin.TestTimeWindow" name="test_range_separators" time="0.009" /><testcase classname="tests.unit.test_timewin.TestTimeWindow" name="test_invalid_input" time="0.008" /><testcase classname="tests.unit.test_timewin.TestTimeWindow" name="test_edge_cases" time="0.008" /><testcase classname="tests.unit.test_tool_security.TestToolSecurity" name="test_post_tool_router_continue" time="0.009" /><testcase classname="tests.unit.test_tool_security.TestToolSecurity" name="test_post_tool_router_halt" time="0.008" /><testcase classname="tests.unit.test_tool_security.TestToolSecurity" name="test_finalize_error_node_denied" time="0.010" /><testcase classname="tests.unit.test_tool_security.TestToolSecurity" name="test_finalize_error_node_error" time="0.008" /><testcase classname="tests.unit.test_tool_security.TestToolSecurity" name="test_finalize_error_node_generic" time="0.009" /><testcase classname="tests.unit.test_tracking_tools.TestTrackingTools" name="test_headers_with_api_key" time="0.025" /><testcase classname="tests.unit.test_tracking_tools.TestTrackingTools" name="test_headers_without_api_key" time="0.021" /><testcase classname="tests.unit.test_tracking_tools.TestTrackingTools" name="test_send_track_success" time="0.021" /><testcase classname="tests.unit.test_tracking_tools.TestTrackingTools" name="test_send_track_missing_resolved_id" time="0.020" /><testcase classname="tests.unit.test_tracking_tools.TestTrackingTools" name="test_send_track_http_error" time="0.021" /><testcase classname="tests.unit.test_tracking_tools.TestTrackingTools" name="test_send_cancel_success" time="0.021" /><testcase classname="tests.unit.test_tracking_tools.TestTrackingTools" name="test_send_cancel_missing_resolved_id" time="0.021" /><testcase classname="tests.unit.test_tracking_tools.TestTrackingTools" name="test_get_track_status_success" time="0.020" /><testcase classname="tests.unit.test_tracking_tools.TestTrackingTools" name="test_get_track_status_missing_resolved_id" time="0.020" /><testcase classname="tests.unit.test_tracking_tools.TestTrackingTools" name="test_get_person_insight_success" time="0.022" /><testcase classname="tests.unit.test_tracking_tools.TestTrackingTools" name="test_get_person_insight_missing_resolved_id" time="0.021" /><testcase classname="tests.unit.test_tracking_tools.TestTrackingTools" name="test_connection_error_retry" time="0.273" /><testcase classname="tests.unit.test_tracking_tools.TestTrackingTools" name="test_all_retries_fail" time="0.771" /><testcase classname="tests.unit.test_utils_embed_mock" name="test_to_unit_vec_normalization" time="0.007" /><testcase classname="tests.unit.test_utils_embed_mock" name="test_to_unit_vec_zero_norm_raises" time="0.005" /><testcase classname="tests.unit.test_utils_embed_mock" name="test_embed_text_unit" time="0.006" /></testsuite></testsuites>